<?xml version="1.0" encoding="UTF-8"?>
<!-- Generated by org.testng.reporters.JUnitReportReporter -->
<testsuite skipped="0" hostname="bhubananandas-MacBook-Pro.local" name="com.orangeHrm.testCases.TC_LoginpageTest_001" tests="1" failures="0" timestamp="19 Jun 2020 13:47:17 GMT" time="1.391" errors="0">
  <testcase name="loginPageTest" time="1.391" classname="com.orangeHrm.testCases.TC_LoginpageTest_001"/>
</testsuite> <!-- com.orangeHrm.testCases.TC_LoginpageTest_001 -->
