<?xml version="1.0" encoding="UTF-8"?>
<!-- Generated by org.testng.reporters.JUnitReportReporter -->
<testsuite skipped="0" hostname="bhubananandas-MacBook-Pro.local" name="com.orangeHrm.testCases.TC_DashboardPageTest_002" tests="2" failures="0" timestamp="19 Jun 2020 20:01:18 GMT" time="2.757" errors="0">
  <testcase name="loginPageTest" time="1.512" classname="com.orangeHrm.testCases.TC_DashboardPageTest_002"/>
  <testcase name="dashBoardPageTest" time="1.245" classname="com.orangeHrm.testCases.TC_DashboardPageTest_002"/>
</testsuite> <!-- com.orangeHrm.testCases.TC_DashboardPageTest_002 -->
